
[2023/08/11 09:26:46] - Namespace(alpha=2.0, batch_size=128, betas=(0.5, 0.9999), data_dir='./cifar-data', distance='kl', epochs=2, epsilon=8, fname='output', gpuid=0, loss='AT', lr_max=0.01, lr_min=0.0, lr_schedule='multistep', model='WRN', momentum=0.9, normalization='std', out_dir='WRN/results/FT_WRN_PGD', pre_trained='PGD', save_model=True, scale=0.5, seed=42, steps=10, weight_decay=0.0005)
[2023/08/11 09:26:48] - Epoch 	 Seconds 	 LR 	 	 Train Loss 	 Train Acc 	 Val Acc 	 PGD Acc 	 CW Acc
[2023/08/11 09:37:02] - 0 	 585.4 	 	 0.0100000 	 1.1603 	 0.6469 	 0.8328	 0.5109 	 0.3164
[2023/08/11 09:47:22] - 1 	 586.0 	 	 0.0010000 	 1.0055 	 0.6877 	 0.8605	 0.5437 	 0.3750
[2023/08/11 09:47:30] - Total train time: 19.5240 minutes
[2023/08/11 09:47:30] - Best avg checkpoint at 1, 0.54375
[2023/08/11 09:47:30] - Best worst checkpoint at 1, 0.375
[2023/08/11 09:47:30] - Best both checkpoint at 1, 0.918749988079071
[2023/08/11 09:47:47] - Namespace(batch_size=250, data_dir='./cifar-data', epsilon=8, fname='output', gpuid=0, model='WRN', model_name='WRN_PGD_0.01_0.5_worst_best.pth', normalization='std', out_dir='WRN/results/FT_WRN_PGD', pre_trained='PGD')
[2023/08/11 09:47:47] - Evaluating WRN/results/FT_WRN_PGD/WRN_PGD_0.01_0.5_worst_best.pth
[2023/08/11 09:51:13] - Evaluating pgd boundary
[2023/08/11 09:51:13] - [0.1377     0.30299997 0.3223     0.41000003 0.45999998 0.62400001]
[2023/08/11 09:51:13] - tensor([0.6020, 0.7230, 0.3760, 0.4580, 0.4720, 0.4150, 0.4810, 0.5630, 0.6400,
        0.6700])
[2023/08/11 09:54:43] - Evaluating cw boundary
[2023/08/11 09:54:43] - [0.1377     0.30299997 0.3312     0.45300004 0.46890002 0.63100004]
[2023/08/11 09:54:43] - tensor([0.6020, 0.7260, 0.3690, 0.4560, 0.4290, 0.4050, 0.4520, 0.5600, 0.6410,
        0.6710])
[2023/08/11 09:54:43] - clean class acc
[2023/08/11 09:54:43] - tensor([0.8890, 0.9520, 0.7540, 0.8620, 0.8820, 0.6970, 0.8600, 0.8640, 0.9380,
        0.9250])
[2023/08/11 09:54:43] - Clean Acc 	 wosrt acc 	 PGD20 Acc 	 worst Acc 	 CW Acc 	 worst Acc
[2023/08/11 09:54:43] - 0.8623 	 0.6970 	 0.5400 	 0.3760 	 0.5311 	 0.3690
[2023/08/11 09:54:43] - []
Evaluating WRN/results_at/FT_WRN_PGD/WRN_PGD_0.01_0.5_worst_best.pth
tensor([0.5920, 0.7130, 0.3570, 0.3800, 0.3870, 0.3920, 0.4330, 0.5500, 0.6180,
        0.6590])
tensor(0.5081)
tensor(0.3570)

