[2023/08/18 18:36:13] - Namespace(alpha=2.0, batch_size=128, betas=(0.5, 0.9999), data_dir='./cifar-data', distance='kl', epochs=2, epsilon=8, fname='output', gpuid=0, loss='AT', lr_max=0.01, lr_min=0.0, lr_schedule='multistep', model='PRN', momentum=0.9, normalization='std', out_dir='PRN/results_at/FT_PRN_TRADES', pre_trained='TRADES', save_model=True, scale=0.5, seed=42, steps=10, weight_decay=0.0005)
[2023/08/18 18:36:17] - Epoch 	 Seconds 	 LR 	 	 Train Loss 	 Train Acc 	 Val Acc 	 PGD Acc 	 CW Acc
[2023/08/18 18:37:28] - 0 	 68.2 	 	 0.0100000 	 1.3939 	 0.5737 	 0.7883	 0.4555 	 0.2812
[2023/08/18 18:38:43] - 1 	 68.1 	 	 0.0010000 	 1.1591 	 0.6427 	 0.8336	 0.4883 	 0.3359
[2023/08/18 18:38:48] - Total train time: 2.2707 minutes
[2023/08/18 18:38:48] - Best avg checkpoint at 1, 0.48828125
[2023/08/18 18:38:48] - Best worst checkpoint at 1, 0.3359375
[2023/08/18 18:38:48] - Best both checkpoint at 1, 0.82421875
[2023/08/18 18:39:05] - Namespace(batch_size=250, data_dir='./cifar-data', epsilon=8, fname='output', gpuid=0, model='PRN', model_name='PRN_TRADES_0.01_0.5_worst_best.pth', normalization='std', out_dir='PRN/results_at/FT_PRN_TRADES', pre_trained='TRADES')
[2023/08/18 18:39:05] - Evaluating PRN/results_at/FT_PRN_TRADES/PRN_TRADES_0.01_0.5_worst_best.pth
[2023/08/18 18:39:27] - Evaluating pgd boundary
[2023/08/18 18:39:27] - [0.1633     0.28200001 0.3474     0.44600001 0.51069999 0.65400004]
[2023/08/18 18:39:27] - tensor([0.5690, 0.7020, 0.3460, 0.3670, 0.3960, 0.3900, 0.4380, 0.5040, 0.5720,
        0.6090])
[2023/08/18 18:39:49] - Evaluating cw boundary
[2023/08/18 18:39:49] - [0.1633     0.28200001 0.3616     0.495      0.52489996 0.67299998]
[2023/08/18 18:39:49] - tensor([0.5680, 0.7040, 0.3300, 0.3270, 0.3470, 0.3800, 0.4200, 0.4990, 0.5720,
        0.6040])
[2023/08/18 18:39:49] - clean class acc
[2023/08/18 18:39:49] - tensor([0.8790, 0.9250, 0.7390, 0.7840, 0.8420, 0.7180, 0.8510, 0.8170, 0.9140,
        0.8980])
[2023/08/18 18:39:49] - Clean Acc 	 wosrt acc 	 PGD20 Acc 	 worst Acc 	 CW Acc 	 worst Acc
[2023/08/18 18:39:49] - 0.8367 	 0.7180 	 0.4893 	 0.3460 	 0.4751 	 0.3270
[2023/08/18 18:39:49] - []
Files already downloaded and verified
Evaluating PRN/results_at/FT_PRN_TRADES/PRN_TRADES_0.01_0.5_worst_best.pth
tensor([0.5520, 0.6920, 0.3160, 0.2880, 0.2990, 0.3630, 0.3840, 0.4880, 0.5460,
        0.5820])
tensor(0.4510)
tensor(0.2880)