[2023/08/13 01:43:58] - Namespace(alpha=2.0, batch_size=128, betas=(0.5, 0.9999), data_dir='./cifar-data', distance='kl', epochs=2, epsilon=8, fname='output', gpuid=0, loss='AT-AWP', lr_max=0.01, lr_min=0.0, lr_schedule='multistep', model='WRN', momentum=0.9, normalization='01', out_dir='WRN/results/FT_WRN_MART', pre_trained='MART', save_model=True, scale=0.5, seed=42, steps=10, weight_decay=0.0005)
[2023/08/13 01:44:00] - Epoch 	 Seconds 	 LR 	 	 Train Loss 	 Train Acc 	 Val Acc 	 PGD Acc 	 CW Acc
[2023/08/13 01:55:07] - 0 	 639.2 	 	 0.0100000 	 1.3596 	 0.6035 	 0.8219	 0.5285 	 0.2969
[2023/08/13 02:06:23] - 1 	 640.6 	 	 0.0010000 	 1.2940 	 0.6121 	 0.8227	 0.5289 	 0.3711
[2023/08/13 02:06:39] - Total train time: 21.3288 minutes
[2023/08/13 02:06:39] - Best avg checkpoint at 1, 0.52890625
[2023/08/13 02:06:39] - Best worst checkpoint at 1, 0.37109375
[2023/08/13 02:06:39] - Best both checkpoint at 1, 0.8999999761581421
[2023/08/13 02:06:56] - Namespace(batch_size=250, data_dir='./cifar-data', epsilon=8, fname='output', gpuid=0, model='WRN', model_name='WRN_MART_0.01_0.5_worst_best.pth', normalization='01', out_dir='WRN/results/FT_WRN_MART', pre_trained='MART')
[2023/08/13 02:06:56] - Evaluating WRN/results/FT_WRN_MART/WRN_MART_0.01_0.5_worst_best.pth
[2023/08/13 02:10:21] - Evaluating pgd boundary
[2023/08/13 02:10:21] - [0.1783     0.36000001 0.2786     0.36200002 0.45689997 0.60500002]
[2023/08/13 02:10:21] - tensor([0.5700, 0.7470, 0.3950, 0.4930, 0.4930, 0.4060, 0.5000, 0.5320, 0.6810,
        0.6140])
[2023/08/13 02:13:50] - Evaluating cw boundary
[2023/08/13 02:13:50] - [0.1783     0.36000001 0.3045     0.43600002 0.48280001 0.62300003]
[2023/08/13 02:13:50] - tensor([0.5540, 0.7390, 0.3770, 0.4200, 0.4190, 0.3960, 0.4750, 0.5200, 0.6690,
        0.6030])
[2023/08/13 02:13:50] - clean class acc
[2023/08/13 02:13:50] - tensor([0.8410, 0.9410, 0.7160, 0.8020, 0.8550, 0.6400, 0.8400, 0.7840, 0.9170,
        0.8810])
[2023/08/13 02:13:50] - Clean Acc 	 wosrt acc 	 PGD20 Acc 	 worst Acc 	 CW Acc 	 worst Acc
[2023/08/13 02:13:50] - 0.8217 	 0.6400 	 0.5431 	 0.3950 	 0.5172 	 0.3770
[2023/08/13 02:13:50] - []
Files already downloaded and verified
Evaluating WRN/results/FT_WRN_MART/WRN_MART_0.01_0.5_worst_best.pth
tensor([0.5470, 0.7330, 0.3640, 0.3800, 0.3900, 0.3910, 0.4640, 0.5130, 0.6550,
        0.5940])
tensor(0.5031)
tensor(0.3640)