[2023/08/10 20:32:43] - Namespace(alpha=2.0, batch_size=128, betas=(0.5, 0.9999), data_dir='./cifar-data', distance='kl', epochs=2, epsilon=8, fname='output', gpuid=0, loss='AT', lr_max=0.01, lr_min=0.0, lr_schedule='multistep', model='WRN', momentum=0.9, normalization='01', out_dir='WRN/results/FT_WRN_MART', pre_trained='MART', save_model=True, scale=0.5, seed=42, steps=10, weight_decay=0.0005)
[2023/08/10 20:32:46] - Epoch 	 Seconds 	 LR 	 	 Train Loss 	 Train Acc 	 Val Acc 	 PGD Acc 	 CW Acc
[2023/08/10 20:49:34] - 0 	 961.6 	 	 0.0100000 	 1.0362 	 0.7113 	 0.8402	 0.5156 	 0.2773
[2023/08/10 21:06:35] - 1 	 967.8 	 	 0.0010000 	 0.9560 	 0.7245 	 0.8336	 0.5145 	 0.3867
[2023/08/10 21:06:44] - Total train time: 32.1558 minutes
[2023/08/10 21:06:44] - Best avg checkpoint at 0, 0.515625
[2023/08/10 21:06:44] - Best worst checkpoint at 1, 0.38671875
[2023/08/10 21:06:44] - Best both checkpoint at 1, 0.901171863079071
[2023/08/11 02:37:58] - Namespace(batch_size=250, data_dir='./cifar-data', epsilon=8, fname='output', gpuid=0, model='WRN', model_name='WRN_MART_0.01_0.5_worst_best.pth', normalization='01', out_dir='WRN/results/FT_WRN_MART', pre_trained='MART')
[2023/08/11 02:37:58] - Evaluating WRN/results/FT_WRN_MART/WRN_MART_0.01_0.5_worst_best.pth
[2023/08/11 02:41:24] - Evaluating pgd boundary
[2023/08/11 02:41:24] - [0.1646     0.31999999 0.319      0.41599998 0.48359999 0.62      ]
[2023/08/11 02:41:24] - tensor([0.5530, 0.7150, 0.3800, 0.4310, 0.4370, 0.4170, 0.4640, 0.5190, 0.6290,
        0.6190])
[2023/08/11 02:44:52] - Evaluating cw boundary
[2023/08/11 02:44:52] - [0.1646     0.31999999 0.3324     0.45699999 0.49700004 0.62800002]
[2023/08/11 02:44:52] - tensor([0.5470, 0.7100, 0.3720, 0.4020, 0.3960, 0.4090, 0.4420, 0.5150, 0.6230,
        0.6140])
[2023/08/11 02:44:52] - clean class acc
[2023/08/11 02:44:52] - tensor([0.8550, 0.9400, 0.7240, 0.8190, 0.8530, 0.6800, 0.8470, 0.8080, 0.9240,
        0.9040])
[2023/08/11 02:44:52] - Clean Acc 	 wosrt acc 	 PGD20 Acc 	 worst Acc 	 CW Acc 	 worst Acc
[2023/08/11 02:44:52] - 0.8354 	 0.6800 	 0.5164 	 0.3800 	 0.5030 	 0.3720
[2023/08/11 02:44:52] - []
[2023/08/11 10:23:14] - Namespace(alpha=2.0, batch_size=128, betas=(0.5, 0.9999), data_dir='./cifar-data', distance='kl', epochs=2, epsilon=8, fname='output', gpuid=0, loss='AT', lr_max=0.01, lr_min=0.0, lr_schedule='multistep', model='WRN', momentum=0.9, normalization='01', out_dir='WRN/results/FT_WRN_MART', pre_trained='MART', save_model=True, scale=0.5, seed=42, steps=10, weight_decay=0.0005)
[2023/08/11 10:23:16] - Epoch 	 Seconds 	 LR 	 	 Train Loss 	 Train Acc 	 Val Acc 	 PGD Acc 	 CW Acc
[2023/08/11 10:33:30] - 0 	 585.9 	 	 0.0100000 	 1.0361 	 0.7115 	 0.8398	 0.5156 	 0.2773
[2023/08/11 10:43:51] - 1 	 586.1 	 	 0.0010000 	 0.9561 	 0.7245 	 0.8332	 0.5160 	 0.3867
[2023/08/11 10:44:01] - Total train time: 19.5334 minutes
[2023/08/11 10:44:01] - Best avg checkpoint at 1, 0.516015625
[2023/08/11 10:44:01] - Best worst checkpoint at 1, 0.38671875
[2023/08/11 10:44:01] - Best both checkpoint at 1, 0.9027343988418579
[2023/08/11 10:44:17] - Namespace(batch_size=250, data_dir='./cifar-data', epsilon=8, fname='output', gpuid=0, model='WRN', model_name='WRN_MART_0.01_0.5_worst_best.pth', normalization='01', out_dir='WRN/results/FT_WRN_MART', pre_trained='MART')
[2023/08/11 10:44:17] - Evaluating WRN/results/FT_WRN_MART/WRN_MART_0.01_0.5_worst_best.pth
[2023/08/11 10:47:44] - Evaluating pgd boundary
[2023/08/11 10:47:44] - [0.1651     0.31999999 0.3184     0.41599998 0.4835     0.62199998]
[2023/08/11 10:47:44] - tensor([0.5540, 0.7150, 0.3780, 0.4330, 0.4370, 0.4160, 0.4620, 0.5200, 0.6310,
        0.6190])
[2023/08/11 10:51:13] - Evaluating cw boundary
[2023/08/11 10:51:13] - [0.1651     0.31999999 0.3313     0.45099998 0.49640003 0.62900001]
[2023/08/11 10:51:13] - tensor([0.5480, 0.7130, 0.3710, 0.4000, 0.4020, 0.4090, 0.4440, 0.5130, 0.6240,
        0.6120])
[2023/08/11 10:51:13] - clean class acc
[2023/08/11 10:51:13] - tensor([0.8550, 0.9410, 0.7240, 0.8180, 0.8530, 0.6800, 0.8430, 0.8080, 0.9240,
        0.9030])
[2023/08/11 10:51:13] - Clean Acc 	 wosrt acc 	 PGD20 Acc 	 worst Acc 	 CW Acc 	 worst Acc
[2023/08/11 10:51:13] - 0.8349 	 0.6800 	 0.5165 	 0.3780 	 0.5036 	 0.3710
[2023/08/11 10:51:13] - []
Evaluating WRN/results/FT_WRN_MART/WRN_MART_0.01_0.5_worst_best.pth
tensor([0.5370, 0.7060, 0.3670, 0.3400, 0.3590, 0.4040, 0.4270, 0.5090, 0.6130,
        0.6010])
tensor(0.4863)
tensor(0.3400)
